<?xml version="1.0" encoding="UTF-8"?>
<!-- Generated by org.testng.reporters.JUnitXMLReporter -->
<testsuite ignored="1" hostname="DESKTOP-91QHVES" failures="0" tests="1" name="Default test" time="13.27" errors="0" timestamp="22 Sep 2022 18:02:20 GMT">
  <testcase classname="testcases.SwagLabsLogin" name="NegativeLogin" time="2.771"/>
  <testcase classname="testcases.SwagLabsLogin" name="PositiveLogin" time="0.0">
    <ignored/>
  </testcase> <!-- PositiveLogin -->
</testsuite> <!-- Default test -->
