<?xml version="1.0" encoding="UTF-8"?>
<testng-results ignored="0" total="2" passed="2" failed="0" skipped="0">
  <reporter-output>
  </reporter-output>
  <suite started-at="2022-09-22T18:24:02Z" name="Suite" finished-at="2022-09-22T18:24:28Z" duration-ms="26551">
    <groups>
    </groups>
    <test started-at="2022-09-22T18:24:02Z" name="Test" finished-at="2022-09-22T18:24:28Z" duration-ms="26551">
      <class name="testcases.SwagLabsLogin">
        <test-method is-config="true" signature="setup()[pri:0, instance:testcases.SwagLabsLogin@6337c201]" started-at="2022-09-22T18:24:02Z" name="setup" finished-at="2022-09-22T18:24:12Z" duration-ms="10352" status="PASS">
          <reporter-output>
          </reporter-output>
        </test-method> <!-- setup -->
        <test-method signature="NegativeLogin()[pri:0, instance:testcases.SwagLabsLogin@6337c201]" started-at="2022-09-22T18:24:12Z" name="NegativeLogin" finished-at="2022-09-22T18:24:15Z" duration-ms="2515" status="PASS">
          <reporter-output>
          </reporter-output>
        </test-method> <!-- NegativeLogin -->
        <test-method is-config="true" signature="tearDown()[pri:0, instance:testcases.SwagLabsLogin@6337c201]" started-at="2022-09-22T18:24:15Z" name="tearDown" finished-at="2022-09-22T18:24:15Z" duration-ms="508" status="PASS">
          <reporter-output>
          </reporter-output>
        </test-method> <!-- tearDown -->
        <test-method is-config="true" signature="setup()[pri:0, instance:testcases.SwagLabsLogin@6337c201]" started-at="2022-09-22T18:24:15Z" name="setup" finished-at="2022-09-22T18:24:23Z" duration-ms="7916" status="PASS">
          <reporter-output>
          </reporter-output>
        </test-method> <!-- setup -->
        <test-method signature="PositiveLogin()[pri:0, instance:testcases.SwagLabsLogin@6337c201]" started-at="2022-09-22T18:24:23Z" name="PositiveLogin" finished-at="2022-09-22T18:24:28Z" duration-ms="4587" status="PASS">
          <reporter-output>
          </reporter-output>
        </test-method> <!-- PositiveLogin -->
        <test-method is-config="true" signature="tearDown()[pri:0, instance:testcases.SwagLabsLogin@6337c201]" started-at="2022-09-22T18:24:28Z" name="tearDown" finished-at="2022-09-22T18:24:28Z" duration-ms="578" status="PASS">
          <reporter-output>
          </reporter-output>
        </test-method> <!-- tearDown -->
      </class> <!-- testcases.SwagLabsLogin -->
    </test> <!-- Test -->
  </suite> <!-- Suite -->
</testng-results>
