<?xml version="1.0" encoding="UTF-8"?>
<testng-results ignored="0" total="2" passed="2" failed="0" skipped="0">
  <reporter-output>
  </reporter-output>
  <suite started-at="2022-09-22T18:19:00Z" name="Suite" finished-at="2022-09-22T18:19:31Z" duration-ms="30638">
    <groups>
    </groups>
    <test started-at="2022-09-22T18:19:00Z" name="Test" finished-at="2022-09-22T18:19:31Z" duration-ms="30638">
      <class name="testcases.SwagLabsLogin">
        <test-method is-config="true" signature="setup()[pri:0, instance:testcases.SwagLabsLogin@7cb502c]" started-at="2022-09-22T18:19:01Z" name="setup" finished-at="2022-09-22T18:19:13Z" duration-ms="12447" status="PASS">
          <reporter-output>
          </reporter-output>
        </test-method> <!-- setup -->
        <test-method signature="NegativeLogin()[pri:0, instance:testcases.SwagLabsLogin@7cb502c]" started-at="2022-09-22T18:19:13Z" name="NegativeLogin" finished-at="2022-09-22T18:19:16Z" duration-ms="3210" status="PASS">
          <reporter-output>
          </reporter-output>
        </test-method> <!-- NegativeLogin -->
        <test-method is-config="true" signature="tearDown()[pri:0, instance:testcases.SwagLabsLogin@7cb502c]" started-at="2022-09-22T18:19:16Z" name="tearDown" finished-at="2022-09-22T18:19:17Z" duration-ms="602" status="PASS">
          <reporter-output>
          </reporter-output>
        </test-method> <!-- tearDown -->
        <test-method is-config="true" signature="setup()[pri:0, instance:testcases.SwagLabsLogin@7cb502c]" started-at="2022-09-22T18:19:17Z" name="setup" finished-at="2022-09-22T18:19:25Z" duration-ms="7590" status="PASS">
          <reporter-output>
          </reporter-output>
        </test-method> <!-- setup -->
        <test-method signature="PositiveLogin()[pri:0, instance:testcases.SwagLabsLogin@7cb502c]" started-at="2022-09-22T18:19:25Z" name="PositiveLogin" finished-at="2022-09-22T18:19:31Z" duration-ms="6144" status="PASS">
          <reporter-output>
          </reporter-output>
        </test-method> <!-- PositiveLogin -->
        <test-method is-config="true" signature="tearDown()[pri:0, instance:testcases.SwagLabsLogin@7cb502c]" started-at="2022-09-22T18:19:31Z" name="tearDown" finished-at="2022-09-22T18:19:31Z" duration-ms="468" status="PASS">
          <reporter-output>
          </reporter-output>
        </test-method> <!-- tearDown -->
      </class> <!-- testcases.SwagLabsLogin -->
    </test> <!-- Test -->
  </suite> <!-- Suite -->
</testng-results>
